[Mon Mar 01 16:43:27.041621 2021] [authz_core:error] [pid 16264:tid 1828] [client ::1:49742] AH01630: client denied by server configuration: C:/Users/Work8/PhpstormProjects/ArcaFactory/public/
[Mon Mar 01 16:43:27.095457 2021] [authz_core:error] [pid 16264:tid 1828] [client ::1:49742] AH01630: client denied by server configuration: C:/Users/Work8/PhpstormProjects/ArcaFactory/public/favicon.ico, referer: http://localhost:8080/
[Mon Mar 01 16:45:24.044780 2021] [authz_core:error] [pid 16028:tid 1832] [client ::1:49754] AH01630: client denied by server configuration: C:/Users/Work8/PhpstormProjects/ArcaFactory/public/
[Mon Mar 01 16:45:24.056747 2021] [authz_core:error] [pid 16028:tid 1832] [client ::1:49754] AH01630: client denied by server configuration: C:/Users/Work8/PhpstormProjects/ArcaFactory/public/favicon.ico, referer: http://localhost:8080/
[Mon Mar 01 16:45:24.605611 2021] [authz_core:error] [pid 16028:tid 1832] [client ::1:49754] AH01630: client denied by server configuration: C:/Users/Work8/PhpstormProjects/ArcaFactory/public/
[Mon Mar 01 16:45:24.620189 2021] [authz_core:error] [pid 16028:tid 1832] [client ::1:49754] AH01630: client denied by server configuration: C:/Users/Work8/PhpstormProjects/ArcaFactory/public/favicon.ico, referer: http://localhost:8080/
[Mon Mar 01 16:45:24.875326 2021] [authz_core:error] [pid 16028:tid 1832] [client ::1:49754] AH01630: client denied by server configuration: C:/Users/Work8/PhpstormProjects/ArcaFactory/public/
[Mon Mar 01 16:45:24.888291 2021] [authz_core:error] [pid 16028:tid 1832] [client ::1:49754] AH01630: client denied by server configuration: C:/Users/Work8/PhpstormProjects/ArcaFactory/public/favicon.ico, referer: http://localhost:8080/
[Mon Mar 01 16:45:25.072029 2021] [authz_core:error] [pid 16028:tid 1832] [client ::1:49754] AH01630: client denied by server configuration: C:/Users/Work8/PhpstormProjects/ArcaFactory/public/
[Mon Mar 01 16:45:25.083997 2021] [authz_core:error] [pid 16028:tid 1832] [client ::1:49754] AH01630: client denied by server configuration: C:/Users/Work8/PhpstormProjects/ArcaFactory/public/favicon.ico, referer: http://localhost:8080/
[Mon Mar 01 16:45:25.228359 2021] [authz_core:error] [pid 16028:tid 1832] [client ::1:49754] AH01630: client denied by server configuration: C:/Users/Work8/PhpstormProjects/ArcaFactory/public/
[Mon Mar 01 16:45:25.242307 2021] [authz_core:error] [pid 16028:tid 1832] [client ::1:49754] AH01630: client denied by server configuration: C:/Users/Work8/PhpstormProjects/ArcaFactory/public/favicon.ico, referer: http://localhost:8080/
[Mon Mar 01 16:45:25.443749 2021] [authz_core:error] [pid 16028:tid 1832] [client ::1:49754] AH01630: client denied by server configuration: C:/Users/Work8/PhpstormProjects/ArcaFactory/public/
[Mon Mar 01 16:45:25.469679 2021] [authz_core:error] [pid 16028:tid 1832] [client ::1:49754] AH01630: client denied by server configuration: C:/Users/Work8/PhpstormProjects/ArcaFactory/public/favicon.ico, referer: http://localhost:8080/
[Mon Mar 01 16:45:39.290209 2021] [authz_core:error] [pid 16028:tid 1828] [client ::1:49755] AH01630: client denied by server configuration: C:/Users/Work8/PhpstormProjects/ArcaFactory/public/
[Mon Mar 01 16:45:39.338078 2021] [authz_core:error] [pid 16028:tid 1828] [client ::1:49755] AH01630: client denied by server configuration: C:/Users/Work8/PhpstormProjects/ArcaFactory/public/favicon.ico, referer: http://localhost:8080/
[Mon Mar 01 16:46:13.358752 2021] [authz_core:error] [pid 16028:tid 1832] [client ::1:49762] AH01630: client denied by server configuration: C:/Users/Work8/PhpstormProjects/ArcaFactory/public/
[Mon Mar 01 16:46:13.371717 2021] [authz_core:error] [pid 16028:tid 1832] [client ::1:49762] AH01630: client denied by server configuration: C:/Users/Work8/PhpstormProjects/ArcaFactory/public/favicon.ico, referer: http://localhost:8080/
[Mon Mar 01 16:46:13.760446 2021] [authz_core:error] [pid 16028:tid 1832] [client ::1:49762] AH01630: client denied by server configuration: C:/Users/Work8/PhpstormProjects/ArcaFactory/public/
[Mon Mar 01 16:46:13.771416 2021] [authz_core:error] [pid 16028:tid 1832] [client ::1:49762] AH01630: client denied by server configuration: C:/Users/Work8/PhpstormProjects/ArcaFactory/public/favicon.ico, referer: http://localhost:8080/
[Mon Mar 01 16:46:13.959030 2021] [authz_core:error] [pid 16028:tid 1832] [client ::1:49762] AH01630: client denied by server configuration: C:/Users/Work8/PhpstormProjects/ArcaFactory/public/
[Mon Mar 01 16:46:13.970998 2021] [authz_core:error] [pid 16028:tid 1832] [client ::1:49762] AH01630: client denied by server configuration: C:/Users/Work8/PhpstormProjects/ArcaFactory/public/favicon.ico, referer: http://localhost:8080/
[Mon Mar 01 16:46:14.112466 2021] [authz_core:error] [pid 16028:tid 1832] [client ::1:49762] AH01630: client denied by server configuration: C:/Users/Work8/PhpstormProjects/ArcaFactory/public/
[Mon Mar 01 16:46:14.124934 2021] [authz_core:error] [pid 16028:tid 1832] [client ::1:49762] AH01630: client denied by server configuration: C:/Users/Work8/PhpstormProjects/ArcaFactory/public/favicon.ico, referer: http://localhost:8080/
[Mon Mar 01 16:46:14.274858 2021] [authz_core:error] [pid 16028:tid 1832] [client ::1:49762] AH01630: client denied by server configuration: C:/Users/Work8/PhpstormProjects/ArcaFactory/public/
[Mon Mar 01 16:46:14.297797 2021] [authz_core:error] [pid 16028:tid 1832] [client ::1:49762] AH01630: client denied by server configuration: C:/Users/Work8/PhpstormProjects/ArcaFactory/public/favicon.ico, referer: http://localhost:8080/
[Mon Mar 01 16:46:14.403864 2021] [authz_core:error] [pid 16028:tid 1832] [client ::1:49762] AH01630: client denied by server configuration: C:/Users/Work8/PhpstormProjects/ArcaFactory/public/
[Mon Mar 01 16:46:14.421813 2021] [authz_core:error] [pid 16028:tid 1832] [client ::1:49762] AH01630: client denied by server configuration: C:/Users/Work8/PhpstormProjects/ArcaFactory/public/favicon.ico, referer: http://localhost:8080/
[Mon Mar 01 16:46:14.581501 2021] [authz_core:error] [pid 16028:tid 1832] [client ::1:49762] AH01630: client denied by server configuration: C:/Users/Work8/PhpstormProjects/ArcaFactory/public/
[Mon Mar 01 16:46:14.594671 2021] [authz_core:error] [pid 16028:tid 1832] [client ::1:49762] AH01630: client denied by server configuration: C:/Users/Work8/PhpstormProjects/ArcaFactory/public/favicon.ico, referer: http://localhost:8080/
[Mon Mar 01 16:46:28.600658 2021] [authz_core:error] [pid 16028:tid 1828] [client ::1:49765] AH01630: client denied by server configuration: C:/Users/Work8/PhpstormProjects/ArcaFactory/public/
[Mon Mar 01 16:46:28.611610 2021] [authz_core:error] [pid 16028:tid 1828] [client ::1:49765] AH01630: client denied by server configuration: C:/Users/Work8/PhpstormProjects/ArcaFactory/public/favicon.ico, referer: http://localhost:8080/
[Mon Mar 01 16:46:28.992626 2021] [authz_core:error] [pid 16028:tid 1828] [client ::1:49765] AH01630: client denied by server configuration: C:/Users/Work8/PhpstormProjects/ArcaFactory/public/
[Mon Mar 01 16:46:29.003626 2021] [authz_core:error] [pid 16028:tid 1828] [client ::1:49765] AH01630: client denied by server configuration: C:/Users/Work8/PhpstormProjects/ArcaFactory/public/favicon.ico, referer: http://localhost:8080/
[Mon Mar 01 16:46:29.152270 2021] [authz_core:error] [pid 16028:tid 1828] [client ::1:49765] AH01630: client denied by server configuration: C:/Users/Work8/PhpstormProjects/ArcaFactory/public/
[Mon Mar 01 16:46:29.163241 2021] [authz_core:error] [pid 16028:tid 1828] [client ::1:49765] AH01630: client denied by server configuration: C:/Users/Work8/PhpstormProjects/ArcaFactory/public/favicon.ico, referer: http://localhost:8080/
[Mon Mar 01 16:46:29.293928 2021] [authz_core:error] [pid 16028:tid 1828] [client ::1:49765] AH01630: client denied by server configuration: C:/Users/Work8/PhpstormProjects/ArcaFactory/public/
[Mon Mar 01 16:46:29.309789 2021] [authz_core:error] [pid 16028:tid 1828] [client ::1:49765] AH01630: client denied by server configuration: C:/Users/Work8/PhpstormProjects/ArcaFactory/public/favicon.ico, referer: http://localhost:8080/
[Mon Mar 01 16:46:29.450815 2021] [authz_core:error] [pid 16028:tid 1828] [client ::1:49765] AH01630: client denied by server configuration: C:/Users/Work8/PhpstormProjects/ArcaFactory/public/
[Mon Mar 01 16:46:29.461785 2021] [authz_core:error] [pid 16028:tid 1828] [client ::1:49765] AH01630: client denied by server configuration: C:/Users/Work8/PhpstormProjects/ArcaFactory/public/favicon.ico, referer: http://localhost:8080/
[Mon Mar 01 16:46:38.591939 2021] [authz_core:error] [pid 16028:tid 1832] [client ::1:49766] AH01630: client denied by server configuration: C:/Users/Work8/PhpstormProjects/ArcaFactory/public/
[Mon Mar 01 16:46:38.604991 2021] [authz_core:error] [pid 16028:tid 1832] [client ::1:49766] AH01630: client denied by server configuration: C:/Users/Work8/PhpstormProjects/ArcaFactory/public/favicon.ico, referer: http://localhost:8080/
[Mon Mar 01 16:46:38.985209 2021] [authz_core:error] [pid 16028:tid 1832] [client ::1:49766] AH01630: client denied by server configuration: C:/Users/Work8/PhpstormProjects/ArcaFactory/public/
[Mon Mar 01 16:46:38.997176 2021] [authz_core:error] [pid 16028:tid 1832] [client ::1:49766] AH01630: client denied by server configuration: C:/Users/Work8/PhpstormProjects/ArcaFactory/public/favicon.ico, referer: http://localhost:8080/
[Mon Mar 01 16:46:39.201343 2021] [authz_core:error] [pid 16028:tid 1832] [client ::1:49766] AH01630: client denied by server configuration: C:/Users/Work8/PhpstormProjects/ArcaFactory/public/
[Mon Mar 01 16:46:39.220289 2021] [authz_core:error] [pid 16028:tid 1832] [client ::1:49766] AH01630: client denied by server configuration: C:/Users/Work8/PhpstormProjects/ArcaFactory/public/favicon.ico, referer: http://localhost:8080/
[Mon Mar 01 16:46:39.392892 2021] [authz_core:error] [pid 16028:tid 1832] [client ::1:49766] AH01630: client denied by server configuration: C:/Users/Work8/PhpstormProjects/ArcaFactory/public/
[Mon Mar 01 16:46:39.405854 2021] [authz_core:error] [pid 16028:tid 1832] [client ::1:49766] AH01630: client denied by server configuration: C:/Users/Work8/PhpstormProjects/ArcaFactory/public/favicon.ico, referer: http://localhost:8080/
[Mon Mar 01 16:46:39.552343 2021] [authz_core:error] [pid 16028:tid 1832] [client ::1:49766] AH01630: client denied by server configuration: C:/Users/Work8/PhpstormProjects/ArcaFactory/public/
[Mon Mar 01 16:46:39.566330 2021] [authz_core:error] [pid 16028:tid 1832] [client ::1:49766] AH01630: client denied by server configuration: C:/Users/Work8/PhpstormProjects/ArcaFactory/public/favicon.ico, referer: http://localhost:8080/
[Mon Mar 01 16:46:39.735068 2021] [authz_core:error] [pid 16028:tid 1832] [client ::1:49766] AH01630: client denied by server configuration: C:/Users/Work8/PhpstormProjects/ArcaFactory/public/
[Mon Mar 01 16:46:39.751025 2021] [authz_core:error] [pid 16028:tid 1832] [client ::1:49766] AH01630: client denied by server configuration: C:/Users/Work8/PhpstormProjects/ArcaFactory/public/favicon.ico, referer: http://localhost:8080/
[Mon Mar 01 16:46:39.884041 2021] [authz_core:error] [pid 16028:tid 1832] [client ::1:49766] AH01630: client denied by server configuration: C:/Users/Work8/PhpstormProjects/ArcaFactory/public/
[Mon Mar 01 16:46:39.896008 2021] [authz_core:error] [pid 16028:tid 1832] [client ::1:49766] AH01630: client denied by server configuration: C:/Users/Work8/PhpstormProjects/ArcaFactory/public/favicon.ico, referer: http://localhost:8080/
[Mon Mar 01 16:48:17.912754 2021] [authz_core:error] [pid 15512:tid 1840] [client ::1:49791] AH01630: client denied by server configuration: C:/Users/Work8/PhpstormProjects/ArcaFactory/public/
[Mon Mar 01 16:48:17.924296 2021] [authz_core:error] [pid 15512:tid 1840] [client ::1:49791] AH01630: client denied by server configuration: C:/Users/Work8/PhpstormProjects/ArcaFactory/public/favicon.ico, referer: http://localhost:8080/
[Mon Mar 01 16:48:19.191646 2021] [authz_core:error] [pid 15512:tid 1840] [client ::1:49791] AH01630: client denied by server configuration: C:/Users/Work8/PhpstormProjects/ArcaFactory/public/
[Mon Mar 01 16:48:19.204686 2021] [authz_core:error] [pid 15512:tid 1840] [client ::1:49791] AH01630: client denied by server configuration: C:/Users/Work8/PhpstormProjects/ArcaFactory/public/favicon.ico, referer: http://localhost:8080/
[Mon Mar 01 16:48:19.558710 2021] [authz_core:error] [pid 15512:tid 1840] [client ::1:49791] AH01630: client denied by server configuration: C:/Users/Work8/PhpstormProjects/ArcaFactory/public/
[Mon Mar 01 16:48:19.583892 2021] [authz_core:error] [pid 15512:tid 1840] [client ::1:49791] AH01630: client denied by server configuration: C:/Users/Work8/PhpstormProjects/ArcaFactory/public/favicon.ico, referer: http://localhost:8080/
[Mon Mar 01 16:48:19.758891 2021] [authz_core:error] [pid 15512:tid 1840] [client ::1:49791] AH01630: client denied by server configuration: C:/Users/Work8/PhpstormProjects/ArcaFactory/public/
[Mon Mar 01 16:48:19.769395 2021] [authz_core:error] [pid 15512:tid 1840] [client ::1:49791] AH01630: client denied by server configuration: C:/Users/Work8/PhpstormProjects/ArcaFactory/public/favicon.ico, referer: http://localhost:8080/
[Mon Mar 01 16:48:19.922997 2021] [authz_core:error] [pid 15512:tid 1840] [client ::1:49791] AH01630: client denied by server configuration: C:/Users/Work8/PhpstormProjects/ArcaFactory/public/
[Mon Mar 01 16:48:19.933966 2021] [authz_core:error] [pid 15512:tid 1840] [client ::1:49791] AH01630: client denied by server configuration: C:/Users/Work8/PhpstormProjects/ArcaFactory/public/favicon.ico, referer: http://localhost:8080/
[Mon Mar 01 16:48:20.072301 2021] [authz_core:error] [pid 15512:tid 1840] [client ::1:49791] AH01630: client denied by server configuration: C:/Users/Work8/PhpstormProjects/ArcaFactory/public/
[Mon Mar 01 16:48:20.082881 2021] [authz_core:error] [pid 15512:tid 1840] [client ::1:49791] AH01630: client denied by server configuration: C:/Users/Work8/PhpstormProjects/ArcaFactory/public/favicon.ico, referer: http://localhost:8080/
[Mon Mar 01 16:48:20.207486 2021] [authz_core:error] [pid 15512:tid 1840] [client ::1:49791] AH01630: client denied by server configuration: C:/Users/Work8/PhpstormProjects/ArcaFactory/public/
[Mon Mar 01 16:48:20.219457 2021] [authz_core:error] [pid 15512:tid 1840] [client ::1:49791] AH01630: client denied by server configuration: C:/Users/Work8/PhpstormProjects/ArcaFactory/public/favicon.ico, referer: http://localhost:8080/
[Mon Mar 01 16:48:32.256443 2021] [authz_core:error] [pid 15512:tid 1832] [client ::1:49792] AH01630: client denied by server configuration: C:/Users/Work8/PhpstormProjects/ArcaFactory/public/
[Mon Mar 01 16:48:32.283235 2021] [authz_core:error] [pid 15512:tid 1832] [client ::1:49792] AH01630: client denied by server configuration: C:/Users/Work8/PhpstormProjects/ArcaFactory/public/favicon.ico, referer: http://localhost:8080/
[Mon Mar 01 16:48:32.480143 2021] [authz_core:error] [pid 15512:tid 1832] [client ::1:49792] AH01630: client denied by server configuration: C:/Users/Work8/PhpstormProjects/ArcaFactory/public/
[Mon Mar 01 16:48:32.492887 2021] [authz_core:error] [pid 15512:tid 1832] [client ::1:49792] AH01630: client denied by server configuration: C:/Users/Work8/PhpstormProjects/ArcaFactory/public/favicon.ico, referer: http://localhost:8080/
[Mon Mar 01 16:48:32.664442 2021] [authz_core:error] [pid 15512:tid 1832] [client ::1:49792] AH01630: client denied by server configuration: C:/Users/Work8/PhpstormProjects/ArcaFactory/public/
[Mon Mar 01 16:48:32.675412 2021] [authz_core:error] [pid 15512:tid 1832] [client ::1:49792] AH01630: client denied by server configuration: C:/Users/Work8/PhpstormProjects/ArcaFactory/public/favicon.ico, referer: http://localhost:8080/
[Mon Mar 01 16:48:32.806784 2021] [authz_core:error] [pid 15512:tid 1832] [client ::1:49792] AH01630: client denied by server configuration: C:/Users/Work8/PhpstormProjects/ArcaFactory/public/
[Mon Mar 01 16:48:32.826350 2021] [authz_core:error] [pid 15512:tid 1832] [client ::1:49792] AH01630: client denied by server configuration: C:/Users/Work8/PhpstormProjects/ArcaFactory/public/favicon.ico, referer: http://localhost:8080/
[Mon Mar 01 16:48:32.943207 2021] [authz_core:error] [pid 15512:tid 1832] [client ::1:49792] AH01630: client denied by server configuration: C:/Users/Work8/PhpstormProjects/ArcaFactory/public/
[Mon Mar 01 16:48:32.955591 2021] [authz_core:error] [pid 15512:tid 1832] [client ::1:49792] AH01630: client denied by server configuration: C:/Users/Work8/PhpstormProjects/ArcaFactory/public/favicon.ico, referer: http://localhost:8080/
[Mon Mar 01 16:48:33.093786 2021] [authz_core:error] [pid 15512:tid 1832] [client ::1:49792] AH01630: client denied by server configuration: C:/Users/Work8/PhpstormProjects/ArcaFactory/public/
[Mon Mar 01 16:48:33.118446 2021] [authz_core:error] [pid 15512:tid 1832] [client ::1:49792] AH01630: client denied by server configuration: C:/Users/Work8/PhpstormProjects/ArcaFactory/public/favicon.ico, referer: http://localhost:8080/
[Mon Mar 01 16:48:33.199452 2021] [authz_core:error] [pid 15512:tid 1832] [client ::1:49792] AH01630: client denied by server configuration: C:/Users/Work8/PhpstormProjects/ArcaFactory/public/
[Mon Mar 01 16:48:33.212374 2021] [authz_core:error] [pid 15512:tid 1832] [client ::1:49792] AH01630: client denied by server configuration: C:/Users/Work8/PhpstormProjects/ArcaFactory/public/favicon.ico, referer: http://localhost:8080/
[Mon Mar 01 16:49:04.672595 2021] [authz_core:error] [pid 15512:tid 1840] [client ::1:49793] AH01630: client denied by server configuration: C:/Users/Work8/PhpstormProjects/ArcaFactory/public/
[Mon Mar 01 16:49:08.709656 2021] [authz_core:error] [pid 16264:tid 1832] [client ::1:49811] AH01630: client denied by server configuration: C:/Users/Work8/PhpstormProjects/ArcaFactory/public/favicon.ico, referer: http://localhost:8080/
[Mon Mar 01 16:49:50.190821 2021] [authz_core:error] [pid 16264:tid 1832] [client 127.0.0.1:49816] AH01630: client denied by server configuration: C:/Users/Work8/PhpstormProjects/ArcaFactory/public/
[Mon Mar 01 16:49:50.234703 2021] [authz_core:error] [pid 16264:tid 1832] [client 127.0.0.1:49816] AH01630: client denied by server configuration: C:/Users/Work8/PhpstormProjects/ArcaFactory/public/favicon.ico, referer: http://127.0.0.1:8080/
[Mon Mar 01 16:49:51.997626 2021] [authz_core:error] [pid 16264:tid 1832] [client 127.0.0.1:49816] AH01630: client denied by server configuration: C:/Users/Work8/PhpstormProjects/ArcaFactory/public/
[Mon Mar 01 16:49:52.010354 2021] [authz_core:error] [pid 16264:tid 1832] [client 127.0.0.1:49816] AH01630: client denied by server configuration: C:/Users/Work8/PhpstormProjects/ArcaFactory/public/favicon.ico, referer: http://127.0.0.1:8080/
[Mon Mar 01 16:49:52.286619 2021] [authz_core:error] [pid 16264:tid 1832] [client 127.0.0.1:49816] AH01630: client denied by server configuration: C:/Users/Work8/PhpstormProjects/ArcaFactory/public/
[Mon Mar 01 16:49:52.298803 2021] [authz_core:error] [pid 16264:tid 1832] [client 127.0.0.1:49816] AH01630: client denied by server configuration: C:/Users/Work8/PhpstormProjects/ArcaFactory/public/favicon.ico, referer: http://127.0.0.1:8080/
[Mon Mar 01 16:49:52.510688 2021] [authz_core:error] [pid 16264:tid 1832] [client 127.0.0.1:49816] AH01630: client denied by server configuration: C:/Users/Work8/PhpstormProjects/ArcaFactory/public/
[Mon Mar 01 16:49:52.523652 2021] [authz_core:error] [pid 16264:tid 1832] [client 127.0.0.1:49816] AH01630: client denied by server configuration: C:/Users/Work8/PhpstormProjects/ArcaFactory/public/favicon.ico, referer: http://127.0.0.1:8080/
[Mon Mar 01 16:49:52.684773 2021] [authz_core:error] [pid 16264:tid 1832] [client 127.0.0.1:49816] AH01630: client denied by server configuration: C:/Users/Work8/PhpstormProjects/ArcaFactory/public/
[Mon Mar 01 16:49:52.696763 2021] [authz_core:error] [pid 16264:tid 1832] [client 127.0.0.1:49816] AH01630: client denied by server configuration: C:/Users/Work8/PhpstormProjects/ArcaFactory/public/favicon.ico, referer: http://127.0.0.1:8080/
[Mon Mar 01 16:49:59.462202 2021] [authz_core:error] [pid 16264:tid 1824] [client ::1:49812] AH01630: client denied by server configuration: C:/Users/Work8/PhpstormProjects/ArcaFactory/public/
[Mon Mar 01 16:49:59.502094 2021] [authz_core:error] [pid 16264:tid 1824] [client ::1:49812] AH01630: client denied by server configuration: C:/Users/Work8/PhpstormProjects/ArcaFactory/public/favicon.ico, referer: http://localhost:8080/
[Mon Mar 01 16:51:22.840716 2021] [authz_core:error] [pid 16264:tid 1832] [client ::1:49841] AH01630: client denied by server configuration: C:/Users/Work8/PhpstormProjects/ArcaFactory/public/
[Mon Mar 01 16:51:22.853983 2021] [authz_core:error] [pid 16264:tid 1832] [client ::1:49841] AH01630: client denied by server configuration: C:/Users/Work8/PhpstormProjects/ArcaFactory/public/favicon.ico, referer: http://localhost:8080/
[Mon Mar 01 16:51:23.239595 2021] [authz_core:error] [pid 16264:tid 1832] [client ::1:49841] AH01630: client denied by server configuration: C:/Users/Work8/PhpstormProjects/ArcaFactory/public/
[Mon Mar 01 16:51:23.252389 2021] [authz_core:error] [pid 16264:tid 1832] [client ::1:49841] AH01630: client denied by server configuration: C:/Users/Work8/PhpstormProjects/ArcaFactory/public/favicon.ico, referer: http://localhost:8080/
[Mon Mar 01 16:51:23.427274 2021] [authz_core:error] [pid 16264:tid 1832] [client ::1:49841] AH01630: client denied by server configuration: C:/Users/Work8/PhpstormProjects/ArcaFactory/public/
[Mon Mar 01 16:51:23.439019 2021] [authz_core:error] [pid 16264:tid 1832] [client ::1:49841] AH01630: client denied by server configuration: C:/Users/Work8/PhpstormProjects/ArcaFactory/public/favicon.ico, referer: http://localhost:8080/
[Mon Mar 01 16:51:23.595677 2021] [authz_core:error] [pid 16264:tid 1832] [client ::1:49841] AH01630: client denied by server configuration: C:/Users/Work8/PhpstormProjects/ArcaFactory/public/
[Mon Mar 01 16:51:23.635573 2021] [authz_core:error] [pid 16264:tid 1832] [client ::1:49841] AH01630: client denied by server configuration: C:/Users/Work8/PhpstormProjects/ArcaFactory/public/favicon.ico, referer: http://localhost:8080/
[Mon Mar 01 16:51:23.734441 2021] [authz_core:error] [pid 16264:tid 1832] [client ::1:49841] AH01630: client denied by server configuration: C:/Users/Work8/PhpstormProjects/ArcaFactory/public/
[Mon Mar 01 16:51:23.755136 2021] [authz_core:error] [pid 16264:tid 1832] [client ::1:49841] AH01630: client denied by server configuration: C:/Users/Work8/PhpstormProjects/ArcaFactory/public/favicon.ico, referer: http://localhost:8080/
[Mon Mar 01 16:53:01.907220 2021] [authz_core:error] [pid 16264:tid 1816] [client 192.168.7.170:49857] AH01630: client denied by server configuration: C:/Users/Work8/PhpstormProjects/ArcaFactory/public/
[Mon Mar 01 16:53:02.151050 2021] [authz_core:error] [pid 16264:tid 1816] [client 192.168.7.170:49857] AH01630: client denied by server configuration: C:/Users/Work8/PhpstormProjects/ArcaFactory/public/favicon.ico, referer: http://arcaindustry.local:8080/
